<?xml version="1.0" encoding="utf-8"?><testsuites name="pytest tests"><testsuite name="pytest" errors="0" failures="0" skipped="0" tests="17" time="2.571" timestamp="2026-04-09T16:25:43.834408+00:00" hostname="agent-env-1cf22cfc-d8af-4ef9-8551-3409a0f339e1"><testcase classname="backend.tests.test_gaphub" name="test_health" time="0.212" /><testcase classname="backend.tests.test_gaphub" name="test_login_success" time="0.279" /><testcase classname="backend.tests.test_gaphub" name="test_login_invalid" time="0.278" /><testcase classname="backend.tests.test_gaphub" name="test_me" time="0.343" /><testcase classname="backend.tests.test_gaphub" name="test_logout" time="0.411" /><testcase classname="backend.tests.test_gaphub" name="test_list_agents" time="0.053" /><testcase classname="backend.tests.test_gaphub" name="test_create_agent" time="0.048" /><testcase classname="backend.tests.test_gaphub" name="test_create_and_get_agent" time="0.112" /><testcase classname="backend.tests.test_gaphub" name="test_update_agent" time="0.105" /><testcase classname="backend.tests.test_gaphub" name="test_delete_agent" time="0.151" /><testcase classname="backend.tests.test_gaphub" name="test_dashboard_stats" time="0.052" /><testcase classname="backend.tests.test_gaphub" name="test_marketplace_list" time="0.048" /><testcase classname="backend.tests.test_gaphub" name="test_marketplace_filter_by_category" time="0.046" /><testcase classname="backend.tests.test_gaphub" name="test_marketplace_get_mcp" time="0.050" /><testcase classname="backend.tests.test_gaphub" name="test_list_runs" time="0.055" /><testcase classname="backend.tests.test_gaphub" name="test_list_credentials" time="0.064" /><testcase classname="backend.tests.test_gaphub" name="test_workspace" time="0.051" /></testsuite></testsuites>